[debug] [2024-04-24T09:09:53.661Z] ----------------------------------------------------------------------
[debug] [2024-04-24T09:09:53.664Z] Command:       C:\Program Files\nodejs\node.exe F:\CEDT\SE\GitHubActionPractice\node_modules\firebase-tools\lib\bin\firebase.js deploy --token $FIREBASE_TOKEN --only hosting
[debug] [2024-04-24T09:09:53.664Z] CLI Version:   7.16.2
[debug] [2024-04-24T09:09:53.664Z] Platform:      win32
[debug] [2024-04-24T09:09:53.665Z] Node Version:  v20.11.1
[debug] [2024-04-24T09:09:53.665Z] Time:          Wed Apr 24 2024 16:09:53 GMT+0700 (Indochina Time)
[debug] [2024-04-24T09:09:53.665Z] ----------------------------------------------------------------------
[debug] [2024-04-24T09:09:53.665Z] 
[debug] [2024-04-24T09:09:53.675Z] > command requires scopes: ["email","openid","https://www.googleapis.com/auth/cloudplatformprojects.readonly","https://www.googleapis.com/auth/firebase","https://www.googleapis.com/auth/cloud-platform"]
[debug] [2024-04-24T09:09:53.676Z] > authorizing via --token option
[debug] [2024-04-24T09:09:53.676Z] [iam] checking project github-action-practice for permissions ["firebase.projects.get","firebasehosting.sites.update"]
[debug] [2024-04-24T09:09:53.678Z] > refreshing access token with scopes: ["email","openid","https://www.googleapis.com/auth/cloudplatformprojects.readonly","https://www.googleapis.com/auth/firebase","https://www.googleapis.com/auth/cloud-platform"]
[debug] [2024-04-24T09:09:53.679Z] >>> HTTP REQUEST POST https://www.googleapis.com/oauth2/v3/token  
 <request body omitted>
[debug] [2024-04-24T09:09:53.867Z] <<< HTTP RESPONSE 400
[debug] [2024-04-24T09:09:53.870Z] >>> HTTP REQUEST POST https://cloudresourcemanager.googleapis.com/v1/projects/github-action-practice:testIamPermissions  

[debug] [2024-04-24T09:09:54.975Z] <<< HTTP RESPONSE 401
[debug] [2024-04-24T09:09:54.976Z] <<< HTTP RESPONSE BODY
[debug] [2024-04-24T09:09:54.977Z] [iam] error while checking permissions, command may fail: FirebaseError: HTTP Error: 401, Request had invalid authentication credentials. Expected OAuth 2 access token, login cookie or other valid authentication credential. See https://developers.google.com/identity/sign-in/web/devconsole-project.
[debug] [2024-04-24T09:09:54.978Z] > refreshing access token with scopes: ["email","openid","https://www.googleapis.com/auth/cloudplatformprojects.readonly","https://www.googleapis.com/auth/firebase","https://www.googleapis.com/auth/cloud-platform"]
[debug] [2024-04-24T09:09:54.978Z] >>> HTTP REQUEST POST https://www.googleapis.com/oauth2/v3/token  
 <request body omitted>
[debug] [2024-04-24T09:09:55.041Z] <<< HTTP RESPONSE 400
[debug] [2024-04-24T09:09:55.042Z] >>> HTTP REQUEST GET https://firebase.googleapis.com/v1beta1/projects/github-action-practice  
 
[debug] [2024-04-24T09:09:55.190Z] <<< HTTP RESPONSE 401
[debug] [2024-04-24T09:09:55.191Z] <<< HTTP RESPONSE BODY
[debug] [2024-04-24T09:09:55.192Z] HTTP Error: 401, Request had invalid authentication credentials. Expected OAuth 2 access token, login cookie or other valid authentication credential. See https://developers.google.com/identity/sign-in/web/devconsole-project.
[debug] [2024-04-24T09:09:55.309Z] FirebaseError: HTTP Error: 401, Request had invalid authentication credentials. Expected OAuth 2 access token, login cookie or other valid authentication credential. See https://developers.google.com/identity/sign-in/web/devconsole-project.
    at module.exports (F:\CEDT\SE\GitHubActionPractice\node_modules\firebase-tools\lib\responseToError.js:38:12)
    at Request._callback (F:\CEDT\SE\GitHubActionPractice\node_modules\firebase-tools\lib\api.js:40:35)
    at self.callback (F:\CEDT\SE\GitHubActionPractice\node_modules\request\request.js:185:22)
    at Request.emit (node:events:518:28)
    at Request.emit (node:domain:488:12)
    at Request.<anonymous> (F:\CEDT\SE\GitHubActionPractice\node_modules\request\request.js:1154:10)
    at Request.emit (node:events:518:28)
    at Request.emit (node:domain:488:12)
    at IncomingMessage.<anonymous> (F:\CEDT\SE\GitHubActionPractice\node_modules\request\request.js:1076:12)
    at Object.onceWrapper (node:events:632:28)
    at IncomingMessage.emit (node:events:530:35)
    at IncomingMessage.emit (node:domain:488:12)
    at endReadableNT (node:internal/streams/readable:1696:12)
    at process.processTicksAndRejections (node:internal/process/task_queues:82:21)
[error] 
[error] Error: Failed to get Firebase project github-action-practice. Please make sure the project exists and your account has permission to access it.
[debug] [2024-04-24T09:10:05.538Z] ----------------------------------------------------------------------
[debug] [2024-04-24T09:10:05.541Z] Command:       C:\Program Files\nodejs\node.exe F:\CEDT\SE\GitHubActionPractice\node_modules\firebase-tools\lib\bin\firebase.js deploy --token $FIREBASE_TOKEN --only hosting
[debug] [2024-04-24T09:10:05.541Z] CLI Version:   7.16.2
[debug] [2024-04-24T09:10:05.541Z] Platform:      win32
[debug] [2024-04-24T09:10:05.541Z] Node Version:  v20.11.1
[debug] [2024-04-24T09:10:05.542Z] Time:          Wed Apr 24 2024 16:10:05 GMT+0700 (Indochina Time)
[debug] [2024-04-24T09:10:05.542Z] ----------------------------------------------------------------------
[debug] [2024-04-24T09:10:05.542Z] 
[debug] [2024-04-24T09:10:05.552Z] > command requires scopes: ["email","openid","https://www.googleapis.com/auth/cloudplatformprojects.readonly","https://www.googleapis.com/auth/firebase","https://www.googleapis.com/auth/cloud-platform"]
[debug] [2024-04-24T09:10:05.553Z] > authorizing via --token option
[debug] [2024-04-24T09:10:05.553Z] [iam] checking project github-action-practice for permissions ["firebase.projects.get","firebasehosting.sites.update"]
[debug] [2024-04-24T09:10:05.555Z] > refreshing access token with scopes: ["email","openid","https://www.googleapis.com/auth/cloudplatformprojects.readonly","https://www.googleapis.com/auth/firebase","https://www.googleapis.com/auth/cloud-platform"]
[debug] [2024-04-24T09:10:05.556Z] >>> HTTP REQUEST POST https://www.googleapis.com/oauth2/v3/token  
 <request body omitted>
[debug] [2024-04-24T09:10:05.755Z] <<< HTTP RESPONSE 400
[debug] [2024-04-24T09:10:05.761Z] >>> HTTP REQUEST POST https://cloudresourcemanager.googleapis.com/v1/projects/github-action-practice:testIamPermissions  

[debug] [2024-04-24T09:10:06.851Z] <<< HTTP RESPONSE 401
[debug] [2024-04-24T09:10:06.852Z] <<< HTTP RESPONSE BODY
[debug] [2024-04-24T09:10:06.855Z] [iam] error while checking permissions, command may fail: FirebaseError: HTTP Error: 401, Request had invalid authentication credentials. Expected OAuth 2 access token, login cookie or other valid authentication credential. See https://developers.google.com/identity/sign-in/web/devconsole-project.
[debug] [2024-04-24T09:10:06.858Z] > refreshing access token with scopes: ["email","openid","https://www.googleapis.com/auth/cloudplatformprojects.readonly","https://www.googleapis.com/auth/firebase","https://www.googleapis.com/auth/cloud-platform"]
[debug] [2024-04-24T09:10:06.858Z] >>> HTTP REQUEST POST https://www.googleapis.com/oauth2/v3/token  
 <request body omitted>
[debug] [2024-04-24T09:10:06.909Z] <<< HTTP RESPONSE 400
[debug] [2024-04-24T09:10:06.910Z] >>> HTTP REQUEST GET https://firebase.googleapis.com/v1beta1/projects/github-action-practice  
 
[debug] [2024-04-24T09:10:07.065Z] <<< HTTP RESPONSE 401
[debug] [2024-04-24T09:10:07.066Z] <<< HTTP RESPONSE BODY
[debug] [2024-04-24T09:10:07.067Z] HTTP Error: 401, Request had invalid authentication credentials. Expected OAuth 2 access token, login cookie or other valid authentication credential. See https://developers.google.com/identity/sign-in/web/devconsole-project.
[debug] [2024-04-24T09:10:07.218Z] FirebaseError: HTTP Error: 401, Request had invalid authentication credentials. Expected OAuth 2 access token, login cookie or other valid authentication credential. See https://developers.google.com/identity/sign-in/web/devconsole-project.
    at module.exports (F:\CEDT\SE\GitHubActionPractice\node_modules\firebase-tools\lib\responseToError.js:38:12)
    at Request._callback (F:\CEDT\SE\GitHubActionPractice\node_modules\firebase-tools\lib\api.js:40:35)
    at self.callback (F:\CEDT\SE\GitHubActionPractice\node_modules\request\request.js:185:22)
    at Request.emit (node:events:518:28)
    at Request.emit (node:domain:488:12)
    at Request.<anonymous> (F:\CEDT\SE\GitHubActionPractice\node_modules\request\request.js:1154:10)
    at Request.emit (node:events:518:28)
    at Request.emit (node:domain:488:12)
    at IncomingMessage.<anonymous> (F:\CEDT\SE\GitHubActionPractice\node_modules\request\request.js:1076:12)
    at Object.onceWrapper (node:events:632:28)
    at IncomingMessage.emit (node:events:530:35)
    at IncomingMessage.emit (node:domain:488:12)
    at endReadableNT (node:internal/streams/readable:1696:12)
    at process.processTicksAndRejections (node:internal/process/task_queues:82:21)
[error] 
[error] Error: Failed to get Firebase project github-action-practice. Please make sure the project exists and your account has permission to access it.
